<?xml version="1.0" encoding="UTF-8" standalone="no"?><testsuite errors="1" failures="0" name="Reproducir una cancion en youtube." skipped="0" tests="1" time="978.25" timestamp="2024-05-06 12:05:16"><testcase name="reproduccion exitosa."><error message="java.util.concurrent.TimeoutException&#10;Build info: version: '4.10.0', revision: 'c14d967899'&#10;System info: os.name: 'Windows 11', os.arch: 'amd64', os.version: '10.0', java.version: '11.0.23'&#10;Driver info: org.openqa.selenium.edge.EdgeDriver&#10;Command: [c6fb389603787180323a105eec1f4b6e, get {url=https://www.youtube.com/}]&#10;Capabilities {acceptInsecureCerts: false, browserName: MicrosoftEdge, browserVersion: 124.0.2478.80, fedcm:accounts: true, ms:edgeOptions: {debuggerAddress: localhost:58423}, msedge: {msedgedriverVersion: 124.0.2477.0 (59779f1ef85a6..., userDataDir: C:\Users\rickn\AppData\Loca...}, networkConnectionEnabled: false, pageLoadStrategy: normal, platformName: windows, proxy: Proxy(), se:cdp: ws://localhost:58423/devtoo..., se:cdpVersion: 124.0.2478.80, setWindowRect: true, strictFileInteractability: false, timeouts: {implicit: 0, pageLoad: 300000, script: 30000}, unhandledPromptBehavior: dismiss and notify, webauthn:extension:credBlob: true, webauthn:extension:largeBlob: true, webauthn:extension:minPinLength: true, webauthn:extension:prf: true, webauthn:virtualAuthenticators: true}&#10;Session ID: c6fb389603787180323a105eec1f4b6e" type="org.openqa.selenium.TimeoutException">java.util.concurrent.TimeoutException
Build info: version: '4.10.0', revision: 'c14d967899'
System info: os.name: 'Windows 11', os.arch: 'amd64', os.version: '10.0', java.version: '11.0.23'
Driver info: org.openqa.selenium.edge.EdgeDriver
Command: [c6fb389603787180323a105eec1f4b6e, get {url=https://www.youtube.com/}]
Capabilities {acceptInsecureCerts: false, browserName: MicrosoftEdge, browserVersion: 124.0.2478.80, fedcm:accounts: true, ms:edgeOptions: {debuggerAddress: localhost:58423}, msedge: {msedgedriverVersion: 124.0.2477.0 (59779f1ef85a6..., userDataDir: C:\Users\rickn\AppData\Loca...}, networkConnectionEnabled: false, pageLoadStrategy: normal, platformName: windows, proxy: Proxy(), se:cdp: ws://localhost:58423/devtoo..., se:cdpVersion: 124.0.2478.80, setWindowRect: true, strictFileInteractability: false, timeouts: {implicit: 0, pageLoad: 300000, script: 30000}, unhandledPromptBehavior: dismiss and notify, webauthn:extension:credBlob: true, webauthn:extension:largeBlob: true, webauthn:extension:minPinLength: true, webauthn:extension:prf: true, webauthn:virtualAuthenticators: true}
Session ID: c6fb389603787180323a105eec1f4b6e</error><system-err>java.util.concurrent.TimeoutException
    Build info: version: '4.10.0', revision: 'c14d967899'
    System info: os.name: 'Windows 11', os.arch: 'amd64', os.version: '10.0', java.version: '11.0.23'
    Driver info: org.openqa.selenium.edge.EdgeDriver
    Command: [c6fb389603787180323a105eec1f4b6e, get {url=https://www.youtube.com/}]
    Capabilities {acceptInsecureCerts: false, browserName: MicrosoftEdge, browserVersion: 124.0.2478.80, fedcm:accounts:
    true, ms:edgeOptions: {debuggerAddress: localhost:58423}, msedge: {msedgedriverVersion: 124.0.2477.0
    (59779f1ef85a6..., userDataDir: C:\Users\rickn\AppData\Loca...}, networkConnectionEnabled: false, pageLoadStrategy:
    normal, platformName: windows, proxy: Proxy(), se:cdp: ws://localhost:58423/devtoo..., se:cdpVersion: 124.0.2478.80,
    setWindowRect: true, strictFileInteractability: false, timeouts: {implicit: 0, pageLoad: 300000, script: 30000},
    unhandledPromptBehavior: dismiss and notify, webauthn:extension:credBlob: true, webauthn:extension:largeBlob: true,
    webauthn:extension:minPinLength: true, webauthn:extension:prf: true, webauthn:virtualAuthenticators: true}
    Session ID: c6fb389603787180323a105eec1f4b6e&#13;
    stepDefinitions.com.co.Demo.DemoStepDefinition.queElUsuarioAbreElNavegadorEnLaPaginaDeYoutube(YoutubeStepDefinition.java:28)&#13;
    io.cucumber.java.Invoker.doInvoke(Invoker.java:66)&#13;
    io.cucumber.java.Invoker.invoke(Invoker.java:24)&#13;
    io.cucumber.java.AbstractGlueDefinition.invokeMethod(AbstractGlueDefinition.java:47)&#13;
    io.cucumber.java.JavaStepDefinition.execute(JavaStepDefinition.java:29)&#13;
    io.cucumber.core.runner.CoreStepDefinition.execute(CoreStepDefinition.java:66)&#13;
    io.cucumber.core.runner.PickleStepDefinitionMatch.runStep(PickleStepDefinitionMatch.java:63)&#13;
    io.cucumber.core.runner.TestStep.executeStep(TestStep.java:84)&#13;
    io.cucumber.core.runner.TestStep.run(TestStep.java:56)&#13;
    io.cucumber.core.runner.PickleStepTestStep.run(PickleStepTestStep.java:51)&#13;
    io.cucumber.core.runner.TestCase.run(TestCase.java:84)&#13;
    io.cucumber.core.runner.Runner.runPickle(Runner.java:75)&#13;
    io.cucumber.core.runtime.CucumberExecutionContext.lambda$runTestCase$5(CucumberExecutionContext.java:137)&#13;
    io.cucumber.core.runtime.RethrowingThrowableCollector.executeAndThrow(RethrowingThrowableCollector.java:23)&#13;
    io.cucumber.core.runtime.CucumberExecutionContext.runTestCase(CucumberExecutionContext.java:137)&#13;
    io.cucumber.junit.FeatureRunner.runChild(FeatureRunner.java:144)&#13;
    io.cucumber.junit.FeatureRunner.runChild(FeatureRunner.java:28)&#13;
    io.cucumber.junit.FeatureRunner.run(FeatureRunner.java:137)&#13;
    io.cucumber.junit.CucumberSerenityBaseRunner.runChild(CucumberSerenityBaseRunner.java:330)&#13;
    io.cucumber.junit.CucumberSerenityBaseRunner.runChild(CucumberSerenityBaseRunner.java:51)&#13;
    worker.org.gradle.process.internal.worker.GradleWorkerMain.run(GradleWorkerMain.java:69)&#13;
    worker.org.gradle.process.internal.worker.GradleWorkerMain.main(GradleWorkerMain.java:74)&#13;
</system-err></testcase></testsuite>